<?xml version="1.0" encoding="UTF-8"?>
<coverage generated="1694456816656" clover="3.2.0">
  <project timestamp="1694456816656" name="All files">
    <metrics statements="9" coveredstatements="9" conditionals="0" coveredconditionals="0" methods="5" coveredmethods="5" elements="14" coveredelements="14" complexity="0" loc="9" ncloc="9" packages="1" files="2" classes="2"/>
    <file name="handlers.js" path="/home/danny/teaching/fa2023/uwyo-cosc4210/weekFour/tuesday/highaltitude-jest/lib/handlers.js">
      <metrics statements="6" coveredstatements="6" conditionals="0" coveredconditionals="0" methods="4" coveredmethods="4"/>
      <line num="5" count="1" type="stmt"/>
      <line num="8" count="1" type="stmt"/>
      <line num="10" count="1" type="stmt"/>
      <line num="11" count="1" type="stmt"/>
      <line num="13" count="1" type="stmt"/>
      <line num="14" count="1" type="stmt"/>
    </file>
    <file name="song.js" path="/home/danny/teaching/fa2023/uwyo-cosc4210/weekFour/tuesday/highaltitude-jest/lib/song.js">
      <metrics statements="3" coveredstatements="3" conditionals="0" coveredconditionals="0" methods="1" coveredmethods="1"/>
      <line num="5" count="1" type="stmt"/>
      <line num="18" count="1" type="stmt"/>
      <line num="19" count="1" type="stmt"/>
    </file>
  </project>
</coverage>
